<?xml version="1.0" encoding="UTF-8"?>
<testsuite name="com.game.of.life.CellTest" tests="6" skipped="0" failures="0" errors="0" timestamp="2021-09-19T04:32:45" hostname="DESKTOP-CM6PJC2" time="0.095">
  <properties/>
  <testcase name="ShouldDieWithOnlyOneNeighbor()" classname="com.game.of.life.CellTest" time="0.071"/>
  <testcase name="ShouldLiveOnWithWwoNeighbor()" classname="com.game.of.life.CellTest" time="0.003"/>
  <testcase name="ShouldLiveOnWithThreeNeighbor()" classname="com.game.of.life.CellTest" time="0.002"/>
  <testcase name="ShouldReproduceWithExactThreeNeighbor()" classname="com.game.of.life.CellTest" time="0.005"/>
  <testcase name="ShouldDieWithFourNeighbor()" classname="com.game.of.life.CellTest" time="0.002"/>
  <testcase name="ShouldDieWithZeroNeighbor()" classname="com.game.of.life.CellTest" time="0.002"/>
  <system-out><![CDATA[]]></system-out>
  <system-err><![CDATA[]]></system-err>
</testsuite>
